     1 00000000                                 ; hello-os
     2 00000000                                 ; TAB=4
     3 00000000                                 
     4                                          		ORG		0x7c00			; 指明程序装载地址
     5 00007C00                                 
     6 00007C00                                 ; 标准FAT12格式软盘专用的代码 Stand FAT12 format floppy code
     7 00007C00                                 
     8 00007C00 EB 4C                           		JMP		entry
     9 00007C02 90                              		DB		0x90
    10 00007C03 48 45 4C 4C 4F 58 59 5A         		DB		"HELLOXYZ"		; 启动扇区名称（8字节）
    11 00007C0B 0200                            		DW		512				; 每个扇区（sector）大小（必须512字节）
    12 00007C0D 01                              		DB		1				; 簇（cluster）大小（必须为1个扇区）
    13 00007C0E 0001                            		DW		1				; FAT起始位置（一般为第一个扇区）
    14 00007C10 02                              		DB		2				; FAT个数（必须为2）
    15 00007C11 00E0                            		DW		224				; 根目录大小（一般为224项）
    16 00007C13 0B40                            		DW		2880			; 该磁盘大小（必须为2880扇区1440*1024/512）
    17 00007C15 F0                              		DB		0xf0			; 磁盘类型（必须为0xf0）
    18 00007C16 0009                            		DW		9				; FAT的长度（必??9扇区）
    19 00007C18 0012                            		DW		18				; 一个磁道（track）有几个扇区（必须为18）
    20 00007C1A 0002                            		DW		2				; 磁头数
    21 00007C1C 00000000                        		DD		0				; 不使用分区，必须是0
    22 00007C20 00000B40                        		DD		2880			; 重写一次磁盘大小
    23 00007C24 00 00 29                        		DB		0,0,0x29		; 意义不明（固定）
    24 00007C27 FFFFFFFF                        		DD		0xffffffff		; （可能是）卷标号码
    25 00007C2B 58 59 5A 2D 4F 53 20 20 20      		DB		"XYZ-OS   "	; 磁盘的名称
    26 00007C34 46 41 54 31 32 20 20 20         		DB		"FAT12   "		; 磁盘格式名称
    27 00007C3C 00 00 00 00 00 00 00 00 00 00   		RESB	18				; 先空出18字节
       00007C46 00 00 00 00 00 00 00 00 
    28 00007C4E                                 
    29 00007C4E                                 ; 程序主体
    30 00007C4E                                 
    31 00007C4E                                 entry:
    32 00007C4E B8 0000                         		MOV		AX,0			; 初始化寄存器
    33 00007C51 8E D0                           		MOV		SS,AX
    34 00007C53 BC 7C00                         		MOV		SP,0x7c00
    35 00007C56 8E D8                           		MOV		DS,AX
    36 00007C58 8E C0                           		MOV		ES,AX
    37 00007C5A                                 
    38 00007C5A BE 7C72                         		MOV		SI,msg
    39 00007C5D                                 putloop:
    40 00007C5D 8A 04                           		MOV		AL,[SI]
    41 00007C5F 83 C6 01                        		ADD		SI,1			; 给SI加1
    42 00007C62 3C 00                           		CMP		AL,0
    43 00007C64 74 09                           		JE		fin
    44 00007C66 B4 0E                           		MOV		AH,0x0e			; 显示一个文字
    45 00007C68 BB 000F                         		MOV		BX,15			; 指定字符颜色
    46 00007C6B CD 10                           		INT		0x10			; 调用显卡BIOS
    47 00007C6D EB EE                           		JMP		putloop
    48 00007C6F                                 fin:
    49 00007C6F F4                              		HLT						; 让CPU停止，等待指令
    50 00007C70 EB FD                           		JMP		fin				; 无限循环
    51 00007C72                                 
    52 00007C72                                 msg:
    53 00007C72 0A 0A 0A 0A 0A                  		DB		0x0a, 0x0a,0x0a,0x0a,0x0a		; 换行多次
    54 00007C77 68 65 6C 6C 6F 2C 20 58 59 5A   		DB		"hello, XYZ!!!"
       00007C81 21 21 21 
    55 00007C84 0A                              		DB		0x0a			; 换行
    56 00007C85 00                              		DB		0
    57 00007C86                                 
    58 00007C86 00 00 00 00 00 00 00 00 00 00   		RESB	0x7dfe-$		; 填写0x00直到0x001fe
       00007C90 00 00 00 00 00 00 00 00 00 00 
       00007C9A 00 00 00 00 00 00 00 00 00 00 
       00007CA4 00 00 00 00 00 00 00 00 00 00 
       00007CAE 00 00 00 00 00 00 00 00 00 00 
       00007CB8 00 00 00 00 00 00 00 00 00 00 
       00007CC2 00 00 00 00 00 00 00 00 00 00 
       00007CCC 00 00 00 00 00 00 00 00 00 00 
       00007CD6 00 00 00 00 00 00 00 00 00 00 
       00007CE0 00 00 00 00 00 00 00 00 00 00 
       00007CEA 00 00 00 00 00 00 00 00 00 00 
       00007CF4 00 00 00 00 00 00 00 00 00 00 
       00007CFE 00 00 00 00 00 00 00 00 00 00 
       00007D08 00 00 00 00 00 00 00 00 00 00 
       00007D12 00 00 00 00 00 00 00 00 00 00 
       00007D1C 00 00 00 00 00 00 00 00 00 00 
       00007D26 00 00 00 00 00 00 00 00 00 00 
       00007D30 00 00 00 00 00 00 00 00 00 00 
       00007D3A 00 00 00 00 00 00 00 00 00 00 
       00007D44 00 00 00 00 00 00 00 00 00 00 
       00007D4E 00 00 00 00 00 00 00 00 00 00 
       00007D58 00 00 00 00 00 00 00 00 00 00 
       00007D62 00 00 00 00 00 00 00 00 00 00 
       00007D6C 00 00 00 00 00 00 00 00 00 00 
       00007D76 00 00 00 00 00 00 00 00 00 00 
       00007D80 00 00 00 00 00 00 00 00 00 00 
       00007D8A 00 00 00 00 00 00 00 00 00 00 
       00007D94 00 00 00 00 00 00 00 00 00 00 
       00007D9E 00 00 00 00 00 00 00 00 00 00 
       00007DA8 00 00 00 00 00 00 00 00 00 00 
       00007DB2 00 00 00 00 00 00 00 00 00 00 
       00007DBC 00 00 00 00 00 00 00 00 00 00 
       00007DC6 00 00 00 00 00 00 00 00 00 00 
       00007DD0 00 00 00 00 00 00 00 00 00 00 
       00007DDA 00 00 00 00 00 00 00 00 00 00 
       00007DE4 00 00 00 00 00 00 00 00 00 00 
       00007DEE 00 00 00 00 00 00 00 00 00 00 
       00007DF8 00 00 00 00 00 00 
    59 00007DFE                                 
    60 00007DFE 55 AA                           		DB		0x55, 0xaa